[      41ms] [ERROR] Failed to load resource: the server responded with a status of 404 (Not Found) @ http://localhost:8501/Chart/_stcore/health:0
[      41ms] [ERROR] Failed to load resource: the server responded with a status of 404 (Not Found) @ http://localhost:8501/Chart/_stcore/host-config:0
[     455ms] [WARNING] WARN The input spec uses Vega-Lite v5.20.1, but the current version of Vega-Lite is v6.4.2. @ http://localhost:8501/static/js/embed.BiANn3cj.js:0
[     476ms] [WARNING] WARN Infinite extent for field "index -- streamlit-generated": [Infinity, -Infinity] @ http://localhost:8501/static/js/embed.BiANn3cj.js:0
[     476ms] [WARNING] WARN Infinite extent for field "index -- streamlit-generated": [Infinity, -Infinity] @ http://localhost:8501/static/js/embed.BiANn3cj.js:0
[     476ms] [WARNING] WARN Infinite extent for field "index -- streamlit-generated": [Infinity, -Infinity] @ http://localhost:8501/static/js/embed.BiANn3cj.js:0
[     476ms] [WARNING] WARN Infinite extent for field "value -- streamlit-generated": [Infinity, -Infinity] @ http://localhost:8501/static/js/embed.BiANn3cj.js:0
[     476ms] [WARNING] WARN Infinite extent for field "value -- streamlit-generated": [Infinity, -Infinity] @ http://localhost:8501/static/js/embed.BiANn3cj.js:0
[     476ms] [WARNING] WARN Infinite extent for field "value -- streamlit-generated": [Infinity, -Infinity] @ http://localhost:8501/static/js/embed.BiANn3cj.js:0
[     481ms] [WARNING] WARN The input spec uses Vega-Lite v5.20.1, but the current version of Vega-Lite is v6.4.2. @ http://localhost:8501/static/js/embed.BiANn3cj.js:0
[     486ms] [WARNING] WARN Infinite extent for field "index -- streamlit-generated": [Infinity, -Infinity] @ http://localhost:8501/static/js/embed.BiANn3cj.js:0
[     486ms] [WARNING] WARN Infinite extent for field "value -- streamlit-generated": [Infinity, -Infinity] @ http://localhost:8501/static/js/embed.BiANn3cj.js:0
[     487ms] [WARNING] WARN The input spec uses Vega-Lite v5.20.1, but the current version of Vega-Lite is v6.4.2. @ http://localhost:8501/static/js/embed.BiANn3cj.js:0
[     488ms] [WARNING] WARN Scale bindings are currently only supported for scales with unbinned, continuous domains. @ http://localhost:8501/static/js/embed.BiANn3cj.js:0
[     489ms] [WARNING] WARN Dropping "fit-x" because spec has discrete width. @ http://localhost:8501/static/js/embed.BiANn3cj.js:0
[     491ms] [WARNING] WARN Infinite extent for field "value -- streamlit-generated_start": [Infinity, -Infinity] @ http://localhost:8501/static/js/embed.BiANn3cj.js:0
[     491ms] [WARNING] WARN Infinite extent for field "value -- streamlit-generated_end": [Infinity, -Infinity] @ http://localhost:8501/static/js/embed.BiANn3cj.js:0
[     492ms] [WARNING] WARN The input spec uses Vega-Lite v5.20.1, but the current version of Vega-Lite is v6.4.2. @ http://localhost:8501/static/js/embed.BiANn3cj.js:0
[     495ms] [WARNING] WARN Infinite extent for field "index -- streamlit-generated": [Infinity, -Infinity] @ http://localhost:8501/static/js/embed.BiANn3cj.js:0
[     495ms] [WARNING] WARN Infinite extent for field "value -- streamlit-generated": [Infinity, -Infinity] @ http://localhost:8501/static/js/embed.BiANn3cj.js:0
[     499ms] [WARNING] WARN Infinite extent for field "index -- streamlit-generated": [Infinity, -Infinity] @ http://localhost:8501/static/js/embed.BiANn3cj.js:0
[     499ms] [WARNING] WARN Infinite extent for field "value -- streamlit-generated": [Infinity, -Infinity] @ http://localhost:8501/static/js/embed.BiANn3cj.js:0
[     543ms] [WARNING] WARN The input spec uses Vega-Lite v5.20.1, but the current version of Vega-Lite is v6.4.2. @ http://localhost:8501/static/js/embed.BiANn3cj.js:0
[     549ms] [WARNING] WARN Infinite extent for field "index -- streamlit-generated": [Infinity, -Infinity] @ http://localhost:8501/static/js/embed.BiANn3cj.js:0
[     549ms] [WARNING] WARN Infinite extent for field "index -- streamlit-generated": [Infinity, -Infinity] @ http://localhost:8501/static/js/embed.BiANn3cj.js:0
[     549ms] [WARNING] WARN Infinite extent for field "index -- streamlit-generated": [Infinity, -Infinity] @ http://localhost:8501/static/js/embed.BiANn3cj.js:0
[     549ms] [WARNING] WARN Infinite extent for field "value -- streamlit-generated": [Infinity, -Infinity] @ http://localhost:8501/static/js/embed.BiANn3cj.js:0
[     549ms] [WARNING] WARN Infinite extent for field "value -- streamlit-generated": [Infinity, -Infinity] @ http://localhost:8501/static/js/embed.BiANn3cj.js:0
[     549ms] [WARNING] WARN Infinite extent for field "value -- streamlit-generated": [Infinity, -Infinity] @ http://localhost:8501/static/js/embed.BiANn3cj.js:0
[     550ms] [WARNING] WARN The input spec uses Vega-Lite v5.20.1, but the current version of Vega-Lite is v6.4.2. @ http://localhost:8501/static/js/embed.BiANn3cj.js:0
[     552ms] [WARNING] WARN Infinite extent for field "index -- streamlit-generated": [Infinity, -Infinity] @ http://localhost:8501/static/js/embed.BiANn3cj.js:0
[     552ms] [WARNING] WARN Infinite extent for field "value -- streamlit-generated": [Infinity, -Infinity] @ http://localhost:8501/static/js/embed.BiANn3cj.js:0
[     553ms] [WARNING] WARN The input spec uses Vega-Lite v5.20.1, but the current version of Vega-Lite is v6.4.2. @ http://localhost:8501/static/js/embed.BiANn3cj.js:0
[     553ms] [WARNING] WARN Scale bindings are currently only supported for scales with unbinned, continuous domains. @ http://localhost:8501/static/js/embed.BiANn3cj.js:0
[     555ms] [WARNING] WARN Infinite extent for field "value -- streamlit-generated_start": [Infinity, -Infinity] @ http://localhost:8501/static/js/embed.BiANn3cj.js:0
[     555ms] [WARNING] WARN Infinite extent for field "value -- streamlit-generated_end": [Infinity, -Infinity] @ http://localhost:8501/static/js/embed.BiANn3cj.js:0
[     556ms] [WARNING] WARN The input spec uses Vega-Lite v5.20.1, but the current version of Vega-Lite is v6.4.2. @ http://localhost:8501/static/js/embed.BiANn3cj.js:0
[     558ms] [WARNING] WARN Infinite extent for field "index -- streamlit-generated": [Infinity, -Infinity] @ http://localhost:8501/static/js/embed.BiANn3cj.js:0
[     558ms] [WARNING] WARN Infinite extent for field "value -- streamlit-generated": [Infinity, -Infinity] @ http://localhost:8501/static/js/embed.BiANn3cj.js:0
[     560ms] [WARNING] WARN Infinite extent for field "index -- streamlit-generated": [Infinity, -Infinity] @ http://localhost:8501/static/js/embed.BiANn3cj.js:0
[     560ms] [WARNING] WARN Infinite extent for field "value -- streamlit-generated": [Infinity, -Infinity] @ http://localhost:8501/static/js/embed.BiANn3cj.js:0
[     584ms] [WARNING] WARN The input spec uses Vega-Lite v5.20.1, but the current version of Vega-Lite is v6.4.2. @ http://localhost:8501/static/js/embed.BiANn3cj.js:0
[     589ms] [WARNING] WARN Infinite extent for field "index -- streamlit-generated": [Infinity, -Infinity] @ http://localhost:8501/static/js/embed.BiANn3cj.js:0
[     589ms] [WARNING] WARN Infinite extent for field "index -- streamlit-generated": [Infinity, -Infinity] @ http://localhost:8501/static/js/embed.BiANn3cj.js:0
[     589ms] [WARNING] WARN Infinite extent for field "index -- streamlit-generated": [Infinity, -Infinity] @ http://localhost:8501/static/js/embed.BiANn3cj.js:0
[     589ms] [WARNING] WARN Infinite extent for field "value -- streamlit-generated": [Infinity, -Infinity] @ http://localhost:8501/static/js/embed.BiANn3cj.js:0
[     589ms] [WARNING] WARN Infinite extent for field "value -- streamlit-generated": [Infinity, -Infinity] @ http://localhost:8501/static/js/embed.BiANn3cj.js:0
[     589ms] [WARNING] WARN Infinite extent for field "value -- streamlit-generated": [Infinity, -Infinity] @ http://localhost:8501/static/js/embed.BiANn3cj.js:0
[     590ms] [WARNING] WARN The input spec uses Vega-Lite v5.20.1, but the current version of Vega-Lite is v6.4.2. @ http://localhost:8501/static/js/embed.BiANn3cj.js:0
[     592ms] [WARNING] WARN Infinite extent for field "index -- streamlit-generated": [Infinity, -Infinity] @ http://localhost:8501/static/js/embed.BiANn3cj.js:0
[     592ms] [WARNING] WARN Infinite extent for field "value -- streamlit-generated": [Infinity, -Infinity] @ http://localhost:8501/static/js/embed.BiANn3cj.js:0
[     593ms] [WARNING] WARN The input spec uses Vega-Lite v5.20.1, but the current version of Vega-Lite is v6.4.2. @ http://localhost:8501/static/js/embed.BiANn3cj.js:0
[     593ms] [WARNING] WARN Scale bindings are currently only supported for scales with unbinned, continuous domains. @ http://localhost:8501/static/js/embed.BiANn3cj.js:0
[     595ms] [WARNING] WARN Infinite extent for field "value -- streamlit-generated_start": [Infinity, -Infinity] @ http://localhost:8501/static/js/embed.BiANn3cj.js:0
[     595ms] [WARNING] WARN Infinite extent for field "value -- streamlit-generated_end": [Infinity, -Infinity] @ http://localhost:8501/static/js/embed.BiANn3cj.js:0
[     596ms] [WARNING] WARN The input spec uses Vega-Lite v5.20.1, but the current version of Vega-Lite is v6.4.2. @ http://localhost:8501/static/js/embed.BiANn3cj.js:0
[     598ms] [WARNING] WARN Infinite extent for field "index -- streamlit-generated": [Infinity, -Infinity] @ http://localhost:8501/static/js/embed.BiANn3cj.js:0
[     598ms] [WARNING] WARN Infinite extent for field "value -- streamlit-generated": [Infinity, -Infinity] @ http://localhost:8501/static/js/embed.BiANn3cj.js:0
[     599ms] [WARNING] WARN Infinite extent for field "index -- streamlit-generated": [Infinity, -Infinity] @ http://localhost:8501/static/js/embed.BiANn3cj.js:0
[     599ms] [WARNING] WARN Infinite extent for field "value -- streamlit-generated": [Infinity, -Infinity] @ http://localhost:8501/static/js/embed.BiANn3cj.js:0
