[     127ms] [ERROR] Failed to load resource: the server responded with a status of 404 (Not Found) @ http://localhost:8501/Text/_stcore/health:0
[     127ms] [ERROR] Failed to load resource: the server responded with a status of 404 (Not Found) @ http://localhost:8501/Text/_stcore/host-config:0
[     342ms] [WARNING] Failed to decode downloaded font: http://localhost:8501/app/static/fonts/Manrope-VariableFont_wght.ttf @ http://localhost:8501/Text:0
[     342ms] [WARNING] OTS parsing error: invalid sfntVersion: 168430090 @ http://localhost:8501/Text:0
[     342ms] [WARNING] Failed to decode downloaded font: http://localhost:8501/app/static/fonts/Manrope-VariableFont_wght.ttf @ http://localhost:8501/Text:0
[     342ms] [WARNING] OTS parsing error: invalid sfntVersion: 168430090 @ http://localhost:8501/Text:0
[     343ms] [WARNING] Failed to decode downloaded font: http://localhost:8501/app/static/fonts/Manrope-VariableFont_wght.ttf @ http://localhost:8501/Text:0
[     343ms] [WARNING] OTS parsing error: invalid sfntVersion: 168430090 @ http://localhost:8501/Text:0
[     359ms] [WARNING] Failed to decode downloaded font: http://localhost:8501/app/static/fonts/Manrope-VariableFont_wght.ttf @ http://localhost:8501/Text:0
[     359ms] [WARNING] OTS parsing error: invalid sfntVersion: 168430090 @ http://localhost:8501/Text:0
[     373ms] [WARNING] Failed to decode downloaded font: http://localhost:8501/app/static/fonts/Manrope-VariableFont_wght.ttf @ http://localhost:8501/static/js/index.RuhrnD1v.js:49
[     373ms] [WARNING] OTS parsing error: invalid sfntVersion: 168430090 @ http://localhost:8501/static/js/index.RuhrnD1v.js:49
[     376ms] [WARNING] Failed to decode downloaded font: http://localhost:8501/app/static/fonts/Manrope-VariableFont_wght.ttf @ http://localhost:8501/static/js/index.RuhrnD1v.js:132
[     376ms] [WARNING] OTS parsing error: invalid sfntVersion: 168430090 @ http://localhost:8501/static/js/index.RuhrnD1v.js:132
[     545ms] [WARNING] Failed to decode downloaded font: http://localhost:8501/app/static/fonts/Manrope-VariableFont_wght.ttf @ http://localhost:8501/Text:0
[     545ms] [WARNING] OTS parsing error: invalid sfntVersion: 168430090 @ http://localhost:8501/Text:0
[     554ms] [WARNING] Failed to decode downloaded font: http://localhost:8501/app/static/fonts/Manrope-VariableFont_wght.ttf @ http://localhost:8501/Text:0
[     554ms] [WARNING] OTS parsing error: invalid sfntVersion: 168430090 @ http://localhost:8501/Text:0
[  398035ms] [ERROR] Failed to load resource: the server responded with a status of 404 (Not Found) @ http://localhost:8501/Text/_stcore/health:0
[  398035ms] [ERROR] Failed to load resource: the server responded with a status of 404 (Not Found) @ http://localhost:8501/Text/_stcore/host-config:0
[  398249ms] [WARNING] Failed to decode downloaded font: http://localhost:8501/app/static/fonts/Manrope-VariableFont_wght.ttf @ http://localhost:8501/Text:0
[  398249ms] [WARNING] OTS parsing error: invalid sfntVersion: 168430090 @ http://localhost:8501/Text:0
[  398249ms] [WARNING] Failed to decode downloaded font: http://localhost:8501/app/static/fonts/Manrope-VariableFont_wght.ttf @ http://localhost:8501/Text:0
[  398249ms] [WARNING] OTS parsing error: invalid sfntVersion: 168430090 @ http://localhost:8501/Text:0
[  398250ms] [WARNING] Failed to decode downloaded font: http://localhost:8501/app/static/fonts/Manrope-VariableFont_wght.ttf @ http://localhost:8501/Text:0
[  398250ms] [WARNING] OTS parsing error: invalid sfntVersion: 168430090 @ http://localhost:8501/Text:0
[  398260ms] [WARNING] Failed to decode downloaded font: http://localhost:8501/app/static/fonts/Manrope-VariableFont_wght.ttf @ http://localhost:8501/Text:0
[  398260ms] [WARNING] OTS parsing error: invalid sfntVersion: 168430090 @ http://localhost:8501/Text:0
[  398271ms] [WARNING] Failed to decode downloaded font: http://localhost:8501/app/static/fonts/Manrope-VariableFont_wght.ttf @ http://localhost:8501/static/js/index.RuhrnD1v.js:49
[  398271ms] [WARNING] OTS parsing error: invalid sfntVersion: 168430090 @ http://localhost:8501/static/js/index.RuhrnD1v.js:49
[  398273ms] [WARNING] Failed to decode downloaded font: http://localhost:8501/app/static/fonts/Manrope-VariableFont_wght.ttf @ http://localhost:8501/static/js/index.RuhrnD1v.js:132
[  398273ms] [WARNING] OTS parsing error: invalid sfntVersion: 168430090 @ http://localhost:8501/static/js/index.RuhrnD1v.js:132
[  398492ms] [WARNING] Failed to decode downloaded font: http://localhost:8501/app/static/fonts/Manrope-VariableFont_wght.ttf @ http://localhost:8501/Text:0
[  398492ms] [WARNING] OTS parsing error: invalid sfntVersion: 168430090 @ http://localhost:8501/Text:0
