[      75ms] [ERROR] Failed to load resource: the server responded with a status of 404 (Not Found) @ http://localhost:8501/Chart/_stcore/health:0
[      76ms] [ERROR] Failed to load resource: the server responded with a status of 404 (Not Found) @ http://localhost:8501/Chart/_stcore/host-config:0
[     371ms] [WARNING] WARN The input spec uses Vega-Lite v5.20.1, but the current version of Vega-Lite is v6.4.2. @ http://localhost:8501/static/js/embed.BiANn3cj.js:0
[     395ms] [WARNING] WARN Infinite extent for field "index -- streamlit-generated": [Infinity, -Infinity] @ http://localhost:8501/static/js/embed.BiANn3cj.js:0
[     395ms] [WARNING] WARN Infinite extent for field "index -- streamlit-generated": [Infinity, -Infinity] @ http://localhost:8501/static/js/embed.BiANn3cj.js:0
[     395ms] [WARNING] WARN Infinite extent for field "index -- streamlit-generated": [Infinity, -Infinity] @ http://localhost:8501/static/js/embed.BiANn3cj.js:0
[     395ms] [WARNING] WARN Infinite extent for field "value -- streamlit-generated": [Infinity, -Infinity] @ http://localhost:8501/static/js/embed.BiANn3cj.js:0
[     395ms] [WARNING] WARN Infinite extent for field "value -- streamlit-generated": [Infinity, -Infinity] @ http://localhost:8501/static/js/embed.BiANn3cj.js:0
[     395ms] [WARNING] WARN Infinite extent for field "value -- streamlit-generated": [Infinity, -Infinity] @ http://localhost:8501/static/js/embed.BiANn3cj.js:0
[     400ms] [WARNING] WARN The input spec uses Vega-Lite v5.20.1, but the current version of Vega-Lite is v6.4.2. @ http://localhost:8501/static/js/embed.BiANn3cj.js:0
[     404ms] [WARNING] WARN Infinite extent for field "index -- streamlit-generated": [Infinity, -Infinity] @ http://localhost:8501/static/js/embed.BiANn3cj.js:0
[     404ms] [WARNING] WARN Infinite extent for field "value -- streamlit-generated": [Infinity, -Infinity] @ http://localhost:8501/static/js/embed.BiANn3cj.js:0
[     405ms] [WARNING] WARN The input spec uses Vega-Lite v5.20.1, but the current version of Vega-Lite is v6.4.2. @ http://localhost:8501/static/js/embed.BiANn3cj.js:0
[     405ms] [WARNING] WARN Scale bindings are currently only supported for scales with unbinned, continuous domains. @ http://localhost:8501/static/js/embed.BiANn3cj.js:0
[     406ms] [WARNING] WARN Dropping "fit-x" because spec has discrete width. @ http://localhost:8501/static/js/embed.BiANn3cj.js:0
[     409ms] [WARNING] WARN Infinite extent for field "value -- streamlit-generated_start": [Infinity, -Infinity] @ http://localhost:8501/static/js/embed.BiANn3cj.js:0
[     409ms] [WARNING] WARN Infinite extent for field "value -- streamlit-generated_end": [Infinity, -Infinity] @ http://localhost:8501/static/js/embed.BiANn3cj.js:0
[     410ms] [WARNING] WARN The input spec uses Vega-Lite v5.20.1, but the current version of Vega-Lite is v6.4.2. @ http://localhost:8501/static/js/embed.BiANn3cj.js:0
[     414ms] [WARNING] WARN Infinite extent for field "index -- streamlit-generated": [Infinity, -Infinity] @ http://localhost:8501/static/js/embed.BiANn3cj.js:0
[     414ms] [WARNING] WARN Infinite extent for field "value -- streamlit-generated": [Infinity, -Infinity] @ http://localhost:8501/static/js/embed.BiANn3cj.js:0
[     415ms] [WARNING] WARN The input spec uses Vega-Lite v5.20.1, but the current version of Vega-Lite is v6.4.2. @ http://localhost:8501/static/js/embed.BiANn3cj.js:0
[     419ms] [WARNING] WARN Infinite extent for field "index -- streamlit-generated": [Infinity, -Infinity] @ http://localhost:8501/static/js/embed.BiANn3cj.js:0
[     419ms] [WARNING] WARN Infinite extent for field "index -- streamlit-generated": [Infinity, -Infinity] @ http://localhost:8501/static/js/embed.BiANn3cj.js:0
[     419ms] [WARNING] WARN Infinite extent for field "index -- streamlit-generated": [Infinity, -Infinity] @ http://localhost:8501/static/js/embed.BiANn3cj.js:0
[     419ms] [WARNING] WARN Infinite extent for field "value -- streamlit-generated": [Infinity, -Infinity] @ http://localhost:8501/static/js/embed.BiANn3cj.js:0
[     419ms] [WARNING] WARN Infinite extent for field "value -- streamlit-generated": [Infinity, -Infinity] @ http://localhost:8501/static/js/embed.BiANn3cj.js:0
[     419ms] [WARNING] WARN Infinite extent for field "value -- streamlit-generated": [Infinity, -Infinity] @ http://localhost:8501/static/js/embed.BiANn3cj.js:0
[     420ms] [WARNING] WARN The input spec uses Vega-Lite v5.20.1, but the current version of Vega-Lite is v6.4.2. @ http://localhost:8501/static/js/embed.BiANn3cj.js:0
[     423ms] [WARNING] WARN Infinite extent for field "index -- streamlit-generated": [Infinity, -Infinity] @ http://localhost:8501/static/js/embed.BiANn3cj.js:0
[     423ms] [WARNING] WARN Infinite extent for field "value -- streamlit-generated": [Infinity, -Infinity] @ http://localhost:8501/static/js/embed.BiANn3cj.js:0
[     424ms] [WARNING] WARN The input spec uses Vega-Lite v5.20.1, but the current version of Vega-Lite is v6.4.2. @ http://localhost:8501/static/js/embed.BiANn3cj.js:0
[     424ms] [WARNING] WARN Scale bindings are currently only supported for scales with unbinned, continuous domains. @ http://localhost:8501/static/js/embed.BiANn3cj.js:0
[     426ms] [WARNING] WARN Infinite extent for field "value -- streamlit-generated_start": [Infinity, -Infinity] @ http://localhost:8501/static/js/embed.BiANn3cj.js:0
[     426ms] [WARNING] WARN Infinite extent for field "value -- streamlit-generated_end": [Infinity, -Infinity] @ http://localhost:8501/static/js/embed.BiANn3cj.js:0
[     427ms] [WARNING] WARN The input spec uses Vega-Lite v5.20.1, but the current version of Vega-Lite is v6.4.2. @ http://localhost:8501/static/js/embed.BiANn3cj.js:0
[     429ms] [WARNING] WARN Infinite extent for field "index -- streamlit-generated": [Infinity, -Infinity] @ http://localhost:8501/static/js/embed.BiANn3cj.js:0
[     429ms] [WARNING] WARN Infinite extent for field "value -- streamlit-generated": [Infinity, -Infinity] @ http://localhost:8501/static/js/embed.BiANn3cj.js:0
[     433ms] [WARNING] WARN Infinite extent for field "index -- streamlit-generated": [Infinity, -Infinity] @ http://localhost:8501/static/js/embed.BiANn3cj.js:0
[     433ms] [WARNING] WARN Infinite extent for field "value -- streamlit-generated": [Infinity, -Infinity] @ http://localhost:8501/static/js/embed.BiANn3cj.js:0
[     447ms] [WARNING] WARN Infinite extent for field "index -- streamlit-generated": [Infinity, -Infinity] @ http://localhost:8501/static/js/embed.BiANn3cj.js:0
[     447ms] [WARNING] WARN Infinite extent for field "value -- streamlit-generated": [Infinity, -Infinity] @ http://localhost:8501/static/js/embed.BiANn3cj.js:0
[     499ms] [WARNING] WARN The input spec uses Vega-Lite v5.20.1, but the current version of Vega-Lite is v6.4.2. @ http://localhost:8501/static/js/embed.BiANn3cj.js:0
[     503ms] [WARNING] WARN Infinite extent for field "index -- streamlit-generated": [Infinity, -Infinity] @ http://localhost:8501/static/js/embed.BiANn3cj.js:0
[     503ms] [WARNING] WARN Infinite extent for field "index -- streamlit-generated": [Infinity, -Infinity] @ http://localhost:8501/static/js/embed.BiANn3cj.js:0
[     503ms] [WARNING] WARN Infinite extent for field "index -- streamlit-generated": [Infinity, -Infinity] @ http://localhost:8501/static/js/embed.BiANn3cj.js:0
[     503ms] [WARNING] WARN Infinite extent for field "value -- streamlit-generated": [Infinity, -Infinity] @ http://localhost:8501/static/js/embed.BiANn3cj.js:0
[     503ms] [WARNING] WARN Infinite extent for field "value -- streamlit-generated": [Infinity, -Infinity] @ http://localhost:8501/static/js/embed.BiANn3cj.js:0
[     504ms] [WARNING] WARN Infinite extent for field "value -- streamlit-generated": [Infinity, -Infinity] @ http://localhost:8501/static/js/embed.BiANn3cj.js:0
[     504ms] [WARNING] WARN The input spec uses Vega-Lite v5.20.1, but the current version of Vega-Lite is v6.4.2. @ http://localhost:8501/static/js/embed.BiANn3cj.js:0
[     507ms] [WARNING] WARN Infinite extent for field "index -- streamlit-generated": [Infinity, -Infinity] @ http://localhost:8501/static/js/embed.BiANn3cj.js:0
[     507ms] [WARNING] WARN Infinite extent for field "value -- streamlit-generated": [Infinity, -Infinity] @ http://localhost:8501/static/js/embed.BiANn3cj.js:0
[     507ms] [WARNING] WARN The input spec uses Vega-Lite v5.20.1, but the current version of Vega-Lite is v6.4.2. @ http://localhost:8501/static/js/embed.BiANn3cj.js:0
[     508ms] [WARNING] WARN Scale bindings are currently only supported for scales with unbinned, continuous domains. @ http://localhost:8501/static/js/embed.BiANn3cj.js:0
[     510ms] [WARNING] WARN Infinite extent for field "value -- streamlit-generated_start": [Infinity, -Infinity] @ http://localhost:8501/static/js/embed.BiANn3cj.js:0
[     510ms] [WARNING] WARN Infinite extent for field "value -- streamlit-generated_end": [Infinity, -Infinity] @ http://localhost:8501/static/js/embed.BiANn3cj.js:0
[     510ms] [WARNING] WARN The input spec uses Vega-Lite v5.20.1, but the current version of Vega-Lite is v6.4.2. @ http://localhost:8501/static/js/embed.BiANn3cj.js:0
[     512ms] [WARNING] WARN Infinite extent for field "index -- streamlit-generated": [Infinity, -Infinity] @ http://localhost:8501/static/js/embed.BiANn3cj.js:0
[     512ms] [WARNING] WARN Infinite extent for field "value -- streamlit-generated": [Infinity, -Infinity] @ http://localhost:8501/static/js/embed.BiANn3cj.js:0
[     513ms] [WARNING] WARN Infinite extent for field "index -- streamlit-generated": [Infinity, -Infinity] @ http://localhost:8501/static/js/embed.BiANn3cj.js:0
[     513ms] [WARNING] WARN Infinite extent for field "value -- streamlit-generated": [Infinity, -Infinity] @ http://localhost:8501/static/js/embed.BiANn3cj.js:0
